\BOOKMARK [1][-]{toc.1}{Contents}{}% 1
\BOOKMARK [0][-]{chapter.1}{1 Introduction}{}% 2
\BOOKMARK [1][-]{section.1.1}{1.1 Motivation}{chapter.1}% 3
\BOOKMARK [1][-]{section.1.2}{1.2 Research questions}{chapter.1}% 4
\BOOKMARK [1][-]{section.1.3}{1.3 The structure}{chapter.1}% 5
\BOOKMARK [0][-]{chapter.2}{2 Theoretical background}{}% 6
\BOOKMARK [1][-]{section.2.1}{2.1 Main concepts}{chapter.2}% 7
\BOOKMARK [1][-]{section.2.2}{2.2 AntidoteDB}{chapter.2}% 8
\BOOKMARK [1][-]{section.2.3}{2.3 Conflict-Free Replicated Datatypes \(CRDTs\)}{chapter.2}% 9
\BOOKMARK [0][-]{chapter.3}{3 Design}{}% 10
\BOOKMARK [1][-]{section.3.1}{3.1 Requirements}{chapter.3}% 11
\BOOKMARK [1][-]{section.3.2}{3.2 Assumptions}{chapter.3}% 12
\BOOKMARK [1][-]{section.3.3}{3.3 Protocol}{chapter.3}% 13
\BOOKMARK [2][-]{subsection.3.3.1}{3.3.1 Data transmission}{section.3.3}% 14
\BOOKMARK [2][-]{subsection.3.3.2}{3.3.2 Description}{section.3.3}% 15
\BOOKMARK [2][-]{subsection.3.3.3}{3.3.3 A client sends an update to the server}{section.3.3}% 16
\BOOKMARK [2][-]{subsection.3.3.4}{3.3.4 Two clients interact with a server.}{section.3.3}% 17
\BOOKMARK [1][-]{section.3.4}{3.4 Offline functionality}{chapter.3}% 18
\BOOKMARK [1][-]{section.3.5}{3.5 Online functionality}{chapter.3}% 19
\BOOKMARK [1][-]{section.3.6}{3.6 The transition between offline and online modes}{chapter.3}% 20
\BOOKMARK [0][-]{chapter.4}{4 Technologies}{}% 21
\BOOKMARK [1][-]{section.4.1}{4.1 Service Worker}{chapter.4}% 22
\BOOKMARK [2][-]{subsection.4.1.1}{4.1.1 Service worker lifecycle}{section.4.1}% 23
\BOOKMARK [1][-]{section.4.2}{4.2 Cache API}{chapter.4}% 24
\BOOKMARK [1][-]{section.4.3}{4.3 IndexedDB}{chapter.4}% 25
\BOOKMARK [2][-]{subsection.4.3.1}{4.3.1 IndexedDB terms}{section.4.3}% 26
\BOOKMARK [2][-]{subsection.4.3.2}{4.3.2 IndexedDB Promised}{section.4.3}% 27
\BOOKMARK [1][-]{section.4.4}{4.4 Persistent Storage}{chapter.4}% 28
\BOOKMARK [1][-]{section.4.5}{4.5 Background Sync}{chapter.4}% 29
\BOOKMARK [0][-]{chapter.5}{5 Implementation}{}% 30
\BOOKMARK [1][-]{section.5.1}{5.1 System's main components}{chapter.5}% 31
\BOOKMARK [2][-]{subsection.5.1.1}{5.1.1 Web Application}{section.5.1}% 32
\BOOKMARK [2][-]{subsection.5.1.2}{5.1.2 Server}{section.5.1}% 33
\BOOKMARK [2][-]{subsection.5.1.3}{5.1.3 A database layer}{section.5.1}% 34
\BOOKMARK [1][-]{section.5.2}{5.2 Optimization}{chapter.5}% 35
\BOOKMARK [0][-]{chapter.6}{6 Evaluation}{}% 36
\BOOKMARK [0][-]{chapter.7}{7 Related Work}{}% 37
\BOOKMARK [1][-]{section.7.1}{7.1 SwiftCloud: a transactional system that brings geo-replication to the client}{chapter.7}% 38
\BOOKMARK [1][-]{section.7.2}{7.2 Legion: a framework, which enriches web applications}{chapter.7}% 39
\BOOKMARK [1][-]{section.7.3}{7.3 Developing web and mobile applications with offline usage experience}{chapter.7}% 40
\BOOKMARK [0][-]{chapter.8}{8 Conclusion}{}% 41
\BOOKMARK [1][-]{section.8.1}{8.1 Summary}{chapter.8}% 42
\BOOKMARK [1][-]{section.8.2}{8.2 Future Work}{chapter.8}% 43
\BOOKMARK [0][-]{chapter*.36}{List of Figures}{}% 44
\BOOKMARK [0][-]{chapter*.37}{List of Tables}{}% 45
\BOOKMARK [0][-]{chapter*.38}{List of Code}{}% 46
\BOOKMARK [0][-]{chapter*.39}{Listings}{}% 47
\BOOKMARK [0][-]{chapter*.40}{Bibliography}{}% 48
